
============================================================
Phase 18 PAT-RL Foundation Smoke Test (CPU)
============================================================
Job ID:    54896739
Node:      m3v115
Partition: comp (CPU only)
MCMC:      tune=500 draws=500 N=5
Level:     2
Seed:      42
JAX cache: /scratch/fc37/aman0087/.jax_cache_cpu/patrl/m3v115
Start:     Sat Apr 18 11:56:00 PM AEST 2026
============================================================

JAX devices: [CpuDevice(id=0)]
jax_enable_x64 (pre-run): False

============================================================
PAT-RL foundation smoke — Phase 18/19
============================================================
  level=2  n_participants=5
  n_tune=500  n_draws=500  seed=42
  fit_method=both

WROTE 6 CSVs at results/patrl_smoke/54896739
  fit_method:  both
  Total size: 137.3 KB
  Wall time:  22.4 s

============================================================
PAT-RL SMOKE PASSED (level=2, tune=500, draws=500)
End:       Sat Apr 18 11:57:58 PM AEST 2026
============================================================

Pushing PAT-RL smoke results to git...
[main e0429c5] smoke patrl cpu level=2 tune=500 draws=500 method=both (job 54896739)
 12 files changed, 2318 insertions(+)
 create mode 100644 cluster/logs/patrl18smoke_54896739.err
 create mode 100644 cluster/logs/patrl18smoke_54896739.out
 create mode 100644 results/patrl_smoke/54896739/P000_trajectories.csv
 create mode 100644 results/patrl_smoke/54896739/P001_trajectories.csv
 create mode 100644 results/patrl_smoke/54896739/P002_trajectories.csv
 create mode 100644 results/patrl_smoke/54896739/P003_trajectories.csv
 create mode 100644 results/patrl_smoke/54896739/P004_trajectories.csv
 create mode 100644 results/patrl_smoke/54896739/idata_laplace.nc
 create mode 100644 results/patrl_smoke/54896739/idata_nuts.nc
 create mode 100644 results/patrl_smoke/54896739/laplace_vs_nuts_diff.csv
 create mode 100644 results/patrl_smoke/54896739/parameter_summary.csv
 create mode 100644 results/patrl_smoke/54896739/true_params.csv
Pushed PAT-RL smoke results to origin/main
