
============================================================
Phase 18 PAT-RL Foundation Smoke Test (CPU)
============================================================
Job ID:    54894259
Node:      m3e116
Partition: comp (CPU only)
MCMC:      tune=500 draws=500 N=5
Level:     2
Seed:      42
JAX cache: /scratch/fc37/aman0087/.jax_cache_cpu/patrl/m3e116
Start:     Sat Apr 18 08:06:52 PM AEST 2026
============================================================

JAX devices: [CpuDevice(id=0)]
jax_enable_x64 (pre-run): False

============================================================
PAT-RL foundation smoke — Phase 18
============================================================
  level=2  n_participants=5
  n_tune=500  n_draws=500  seed=42

WROTE 6 CSVs at output/patrl_smoke_54894259
  Total size: 137.3 KB
  Wall time:  13.9 s

============================================================
PAT-RL SMOKE PASSED (level=2, tune=500, draws=500)
End:       Sat Apr 18 08:08:17 PM AEST 2026
============================================================

Pushing PAT-RL smoke results to git...
